c:\interdigital\mwc2020\final_codes\idcc-vvcvideoplayershader\idcc-vvcvideoplayershader\idcc-vvcshadervideoplayer\x64\debug\vc140.pdb
c:\interdigital\mwc2020\final_codes\idcc-vvcvideoplayershader\idcc-vvcshadervideoplayer\x64\debug\vc140.pdb
c:\interdigital\mwc2020\final_codes\idcc-vvcvideoplayershader\idcc-vvcshadervideoplayer\x64\debug\vc140.idb
c:\interdigital\mwc2020\final_codes\idcc-vvcvideoplayershader\idcc-vvcshadervideoplayer\x64\debug\idcc-vvcshadervideoplayer.obj
c:\interdigital\mwc2020\final_codes\idcc-vvcvideoplayershader\idcc-vvcshadervideoplayer\x64\debug\shader.obj
c:\interdigital\mwc2020\final_codes\idcc-vvcvideoplayershader\idcc-vvcvideoplayershader\x64\debug\idcc-vvcvideoplayer.ilk
c:\interdigital\mwc2020\final_codes\idcc-vvcvideoplayershader\idcc-vvcvideoplayershader\x64\debug\idcc-vvcvideoplayer.exe
c:\interdigital\mwc2020\final_codes\idcc-vvcvideoplayershader\idcc-vvcvideoplayershader\x64\debug\idcc-vvcvideoplayer.pdb
c:\interdigital\mwc2020\final_codes\idcc-vvcvideoplayershader\x64\debug\idcc-vvcvideoplayer.ilk
c:\interdigital\mwc2020\final_codes\idcc-vvcvideoplayershader\x64\debug\idcc-vvcvideoplayer.exe
c:\interdigital\mwc2020\final_codes\idcc-vvcvideoplayershader\x64\debug\idcc-vvcvideoplayer.pdb
c:\personal_development\git_hub_projects\idcc-vvcvideoplayershader\idcc-vvcshadervideoplayer\x64\debug\idcc-vvcshadervideoplayer.obj
c:\personal_development\git_hub_projects\idcc-vvcvideoplayershader\idcc-vvcshadervideoplayer\x64\debug\shader.obj
c:\personal_development\git_hub_projects\idcc-vvcvideoplayershader\idcc-vvcshadervideoplayer\x64\debug\vc140.idb
c:\personal_development\git_hub_projects\idcc-vvcvideoplayershader\idcc-vvcshadervideoplayer\x64\debug\vc140.pdb
c:\personal_development\git_hub_projects\idcc-vvcvideoplayershader\x64\debug\idcc-vvcvideoplayer.pdb
c:\personal_development\git_hub_projects\idcc-vvcvideoplayershader\x64\debug\idcc-vvcvideoplayer.exe
c:\personal_development\git_hub_projects\idcc-vvcvideoplayershader\x64\debug\idcc-vvcvideoplayer.ilk
c:\personal_development\git_hub_projects\idcc-vvcvideoplayershader\idcc-vvcshadervideoplayer\x64\debug\idcc-vvc.22337c89.tlog\cl.command.1.tlog
c:\personal_development\git_hub_projects\idcc-vvcvideoplayershader\idcc-vvcshadervideoplayer\x64\debug\idcc-vvc.22337c89.tlog\cl.read.1.tlog
c:\personal_development\git_hub_projects\idcc-vvcvideoplayershader\idcc-vvcshadervideoplayer\x64\debug\idcc-vvc.22337c89.tlog\cl.write.1.tlog
c:\personal_development\git_hub_projects\idcc-vvcvideoplayershader\idcc-vvcshadervideoplayer\x64\debug\idcc-vvc.22337c89.tlog\link.command.1.tlog
c:\personal_development\git_hub_projects\idcc-vvcvideoplayershader\idcc-vvcshadervideoplayer\x64\debug\idcc-vvc.22337c89.tlog\link.read.1.tlog
c:\personal_development\git_hub_projects\idcc-vvcvideoplayershader\idcc-vvcshadervideoplayer\x64\debug\idcc-vvc.22337c89.tlog\link.write.1.tlog
